select * from person; #09:13:32@rubyquest.db
select * from hero; #09:14:27@rubyquest.db
select * from person, hero; #09:16:32@rubyquest.db
select * from person,hero where person.id = hero.person; #09:19:46@rubyquest.db
select * from city; #09:21:57@rubyquest.db
select * from region; #09:22:02@rubyquest.db
select * from city; #09:22:11@rubyquest.db
select * from city where region = 5; #09:22:25@rubyquest.db
select count(*) from city where region = "breach"; #09:23:38@rubyquest.db
select count(*)  as aantal_steden from city where region = 5; #09:24:30@rubyquest.db
select count(*)  as aantal_steden from city where region = "Breach"; #09:24:41@rubyquest.db
select * from region; #09:25:20@rubyquest.db
select count(*)  as aantal_steden from city,region where region = "Breach"
; #09:26:05@rubyquest.db
select count(*)  as aantal_steden from city,region where region = 5
; #09:26:10@rubyquest.db
select count(*)  as aantal_steden from city where region = 5
; #09:26:24@rubyquest.db
select * from hero; #09:27:48@rubyquest.db
select * from person; #09:27:53@rubyquest.db
select * from person,hero where person.id = hero.person; #09:28:35@rubyquest.db
select * from person; #09:29:03@rubyquest.db
select * from weapon; #09:29:26@rubyquest.db
select * from person,weapon where person.id = weapon.id; #09:30:20@rubyquest.db
select * from person; #09:34:02@rubyquest.db
select * from region; #09:38:22@rubyquest.db
select * from region,city where city.name = region.id; #09:38:57@rubyquest.db
select * from region; #09:39:04@rubyquest.db
select * from region,city where region.name = "Breach" ; #09:49:05@rubyquest.db
select * from region,city where region.name = "Breach" and city.region = region.id; #09:54:41@rubyquest.db
select count(*) from region,city where region.name = "Breach" and city.region = region.id; #09:55:10@rubyquest.db
select count(*) as aantal_steden from region,city where region.name = "Breach" and city.region = region.id; #09:56:54@rubyquest.db
select * from npc,person,city
where npc.person = person.id
and person.name = "Mukovo"
and npc.city = city.id; #10:15:13@rubyquest.db
select city.name from npc,person,city
where npc.person = person.id
and person.name = "Mukovo"
and npc.city = city.id; #10:15:37@rubyquest.db
select person.name as person_name, city.name from npc,person,city
where npc.person = person.id
and person.name = "Mukovo"
and npc.city = city.id; #10:18:08@rubyquest.db
select person.name as person_name, city.name, npc.profession from npc,person,city
where npc.person = person.id
and person.name = "Mukovo"
and npc.city = city.id; #10:18:22@rubyquest.db
select * from person; #10:59:13@rubyquest.db
select * from hero; #11:00:28@rubyquest.db
select * from person, hero where hero.person = person.id; #11:05:30@rubyquest.db
select name, person.id, hero.person from person, hero 
where hero.person = person.id; #11:07:15@rubyquest.db
select * from region; #11:12:33@rubyquest.db
select * from city; #11:13:24@rubyquest.db
select * from city , region; #11:14:39@rubyquest.db
select * from city , region
where region.id = city.region; #11:17:01@rubyquest.db
select * from city , region
where region.id = city.region 
and region.name = "North Groval"
; #11:20:09@rubyquest.db
select count(*) from city , region
where region.id = city.region 
and region.name = "North Groval"
; #11:20:51@rubyquest.db
select count(*) as nr_of_citties_in_north_groval from city , region
where region.id = city.region 
and region.name = "North Groval"
; #11:21:22@rubyquest.db
